build/app/intermediates/manifest_merge_blame_file/debug/manifest-merger-blame-debug-report.txt
1<?xml version="1.0" encoding="utf-8"?>
2<manifest xmlns:android="http://schemas.android.com/apk/res/android"
3    package="com.example.qrcode_generator_share"
4    android:versionCode="1"
5    android:versionName="1.0.0" >
6
7    <uses-sdk
8        android:minSdkVersion="16"
9        android:targetSdkVersion="33" />
10    <!--
11         The INTERNET permission is required for development. Specifically,
12         the Flutter tool needs it to communicate with the running application
13         to allow setting breakpoints, to provide hot reload, etc.
14    -->
15    <uses-permission android:name="android.permission.INTERNET" />
15-->src\debug\AndroidManifest.xml:7:5-66
15-->src\debug\AndroidManifest.xml:7:22-64
16    <uses-permission android:name="android.permission.CAMERA" />
16-->[:flutter_barcode_scanner] AndroidManifest.xml:9:5-65
16-->[:flutter_barcode_scanner] AndroidManifest.xml:9:22-62
17
18    <uses-feature android:name="android.hardware.camera" />
18-->[:flutter_barcode_scanner] AndroidManifest.xml:11:5-60
18-->[:flutter_barcode_scanner] AndroidManifest.xml:11:19-57
19
20    <uses-permission android:name="android.permission.FLASHLIGHT" />
20-->[:flutter_barcode_scanner] AndroidManifest.xml:13:5-69
20-->[:flutter_barcode_scanner] AndroidManifest.xml:13:22-66
21
22    <application
23        android:name="android.app.Application"
24        android:appComponentFactory="androidx.core.app.CoreComponentFactory"
24-->[androidx.core:core:1.6.0] AndroidManifest.xml:24:18-86
25        android:debuggable="true"
26        android:icon="@mipmap/ic_launcher"
27        android:label="qrcode_generator_share"
28        android:largeHeap="true"
28-->[:flutter_barcode_scanner] AndroidManifest.xml:16:9-33
29        android:theme="@style/Theme.AppCompat.NoActionBar" >
29-->[:flutter_barcode_scanner] AndroidManifest.xml:17:9-59
30        <activity
31            android:name="com.example.qrcode_generator_share.MainActivity"
32            android:configChanges="orientation|keyboardHidden|keyboard|screenSize|smallestScreenSize|locale|layoutDirection|fontScale|screenLayout|density|uiMode"
33            android:exported="true"
34            android:hardwareAccelerated="true"
35            android:launchMode="singleTop"
36            android:theme="@style/LaunchTheme"
37            android:windowSoftInputMode="adjustResize" >
38
39            <!--
40                 Specifies an Android theme to apply to this Activity as soon as
41                 the Android process has started. This theme is visible to the user
42                 while the Flutter UI initializes. After that, this theme continues
43                 to determine the Window background behind the Flutter UI.
44            -->
45            <meta-data
46                android:name="io.flutter.embedding.android.NormalTheme"
47                android:resource="@style/NormalTheme" />
48
49            <intent-filter>
50                <action android:name="android.intent.action.MAIN" />
51
52                <category android:name="android.intent.category.LAUNCHER" />
53            </intent-filter>
54        </activity>
55        <!--
56             Don't delete the meta-data below.
57             This is used by the Flutter tool to generate GeneratedPluginRegistrant.java
58        -->
59        <meta-data
60            android:name="flutterEmbedding"
61            android:value="2" />
62
63        <activity android:name="com.amolg.flutterbarcodescanner.BarcodeCaptureActivity" />
63-->[:flutter_barcode_scanner] AndroidManifest.xml:18:9-91
63-->[:flutter_barcode_scanner] AndroidManifest.xml:18:19-88
64
65        <provider
65-->[:share] AndroidManifest.xml:10:9-18:20
66            android:name="io.flutter.plugins.share.ShareFileProvider"
66-->[:share] AndroidManifest.xml:11:13-70
67            android:authorities="com.example.qrcode_generator_share.flutter.share_provider"
67-->[:share] AndroidManifest.xml:12:13-74
68            android:exported="false"
68-->[:share] AndroidManifest.xml:13:13-37
69            android:grantUriPermissions="true" >
69-->[:share] AndroidManifest.xml:14:13-47
70            <meta-data
70-->[:share] AndroidManifest.xml:15:13-17:68
71                android:name="android.support.FILE_PROVIDER_PATHS"
71-->[:share] AndroidManifest.xml:16:17-67
72                android:resource="@xml/flutter_share_file_paths" />
72-->[:share] AndroidManifest.xml:17:17-65
73        </provider>
74
75        <uses-library
75-->[androidx.window:window:1.0.0-beta04] AndroidManifest.xml:25:9-27:40
76            android:name="androidx.window.extensions"
76-->[androidx.window:window:1.0.0-beta04] AndroidManifest.xml:26:13-54
77            android:required="false" />
77-->[androidx.window:window:1.0.0-beta04] AndroidManifest.xml:27:13-37
78        <uses-library
78-->[androidx.window:window:1.0.0-beta04] AndroidManifest.xml:28:9-30:40
79            android:name="androidx.window.sidecar"
79-->[androidx.window:window:1.0.0-beta04] AndroidManifest.xml:29:13-51
80            android:required="false" />
80-->[androidx.window:window:1.0.0-beta04] AndroidManifest.xml:30:13-37
81
82        <activity
82-->[com.google.android.gms:play-services-base:17.4.0] AndroidManifest.xml:23:9-26:75
83            android:name="com.google.android.gms.common.api.GoogleApiActivity"
83-->[com.google.android.gms:play-services-base:17.4.0] AndroidManifest.xml:24:13-79
84            android:exported="false"
84-->[com.google.android.gms:play-services-base:17.4.0] AndroidManifest.xml:25:13-37
85            android:theme="@android:style/Theme.Translucent.NoTitleBar" />
85-->[com.google.android.gms:play-services-base:17.4.0] AndroidManifest.xml:26:13-72
86
87        <meta-data
87-->[com.google.android.gms:play-services-basement:17.4.0] AndroidManifest.xml:23:9-25:69
88            android:name="com.google.android.gms.version"
88-->[com.google.android.gms:play-services-basement:17.4.0] AndroidManifest.xml:24:13-58
89            android:value="@integer/google_play_services_version" />
89-->[com.google.android.gms:play-services-basement:17.4.0] AndroidManifest.xml:25:13-66
90    </application>
91
92</manifest>